2020-05-22 00:54:45.925  INFO 4264 --- [restartedMain] c.e.i.InventorymanagementApplication     : Starting InventorymanagementApplication on NIVEA-PC with PID 4264 (C:\Users\NIVEA\Downloads\inventorymanagement\inventorymanagement\target\classes started by NIVEA in C:\Users\NIVEA\Downloads\inventorymanagement)
2020-05-22 00:54:45.925  INFO 4264 --- [restartedMain] c.e.i.InventorymanagementApplication     : No active profile set, falling back to default profiles: default
2020-05-22 00:54:46.331  INFO 4264 --- [restartedMain] .e.DevToolsPropertyDefaultsPostProcessor : Devtools property defaults active! Set 'spring.devtools.add-properties' to 'false' to disable
2020-05-22 00:54:46.331  INFO 4264 --- [restartedMain] .e.DevToolsPropertyDefaultsPostProcessor : For additional web related logging consider setting the 'logging.level.web' property to 'DEBUG'
2020-05-22 00:54:49.576  INFO 4264 --- [restartedMain] .s.d.r.c.RepositoryConfigurationDelegate : Bootstrapping Spring Data JPA repositories in DEFERRED mode.
2020-05-22 00:54:49.966  INFO 4264 --- [restartedMain] .s.d.r.c.RepositoryConfigurationDelegate : Finished Spring Data repository scanning in 374ms. Found 6 JPA repository interfaces.
2020-05-22 00:54:53.148  INFO 4264 --- [restartedMain] o.s.b.w.embedded.tomcat.TomcatWebServer  : Tomcat initialized with port(s): 8080 (http)
2020-05-22 00:54:53.351  INFO 4264 --- [restartedMain] o.apache.catalina.core.StandardService   : Starting service [Tomcat]
2020-05-22 00:54:53.351  INFO 4264 --- [restartedMain] org.apache.catalina.core.StandardEngine  : Starting Servlet engine: [Apache Tomcat/9.0.35]
2020-05-22 00:54:53.679  INFO 4264 --- [restartedMain] o.a.c.c.C.[Tomcat].[localhost].[/]       : Initializing Spring embedded WebApplicationContext
2020-05-22 00:54:53.679  INFO 4264 --- [restartedMain] o.s.web.context.ContextLoader            : Root WebApplicationContext: initialization completed in 7348 ms
2020-05-22 00:54:54.349  INFO 4264 --- [restartedMain] o.s.s.concurrent.ThreadPoolTaskExecutor  : Initializing ExecutorService 'applicationTaskExecutor'
2020-05-22 00:54:54.817  WARN 4264 --- [restartedMain] JpaBaseConfiguration$JpaWebConfiguration : spring.jpa.open-in-view is enabled by default. Therefore, database queries may be performed during view rendering. Explicitly configure spring.jpa.open-in-view to disable this warning
2020-05-22 00:54:55.426  INFO 4264 --- [restartedMain] o.s.s.web.DefaultSecurityFilterChain     : Creating filter chain: any request, [org.springframework.security.web.context.request.async.WebAsyncManagerIntegrationFilter@ded6d4a, org.springframework.security.web.context.SecurityContextPersistenceFilter@4012368c, org.springframework.security.web.header.HeaderWriterFilter@120de8fe, org.springframework.security.web.csrf.CsrfFilter@788771c0, org.springframework.security.web.authentication.logout.LogoutFilter@3ddad51a, org.springframework.security.web.authentication.UsernamePasswordAuthenticationFilter@4a7531d3, org.springframework.security.web.authentication.ui.DefaultLoginPageGeneratingFilter@12aee99d, org.springframework.security.web.authentication.ui.DefaultLogoutPageGeneratingFilter@3c72f4de, org.springframework.security.web.savedrequest.RequestCacheAwareFilter@a5ef912, org.springframework.security.web.servletapi.SecurityContextHolderAwareRequestFilter@18369a9d, org.springframework.security.web.authentication.AnonymousAuthenticationFilter@6653cd41, org.springframework.security.web.session.SessionManagementFilter@54712e26, org.springframework.security.web.access.ExceptionTranslationFilter@356089db, org.springframework.security.web.access.intercept.FilterSecurityInterceptor@716613c6]
2020-05-22 00:54:55.629  INFO 4264 --- [task-1] o.hibernate.jpa.internal.util.LogHelper  : HHH000204: Processing PersistenceUnitInfo [name: default]
2020-05-22 00:54:55.831  INFO 4264 --- [task-1] org.hibernate.Version                    : HHH000412: Hibernate ORM core version 5.4.15.Final
2020-05-22 00:54:56.346  INFO 4264 --- [task-1] o.hibernate.annotations.common.Version   : HCANN000001: Hibernate Commons Annotations {5.1.0.Final}
2020-05-22 00:54:56.611  INFO 4264 --- [task-1] com.zaxxer.hikari.HikariDataSource       : HikariPool-1 - Starting...
2020-05-22 00:54:58.062  INFO 4264 --- [task-1] com.zaxxer.hikari.HikariDataSource       : HikariPool-1 - Start completed.
2020-05-22 00:54:58.156  INFO 4264 --- [task-1] org.hibernate.dialect.Dialect            : HHH000400: Using dialect: org.hibernate.dialect.MySQL57Dialect
2020-05-22 00:55:01.619  INFO 4264 --- [task-1] o.h.e.t.j.p.i.JtaPlatformInitiator       : HHH000490: Using JtaPlatform implementation: [org.hibernate.engine.transaction.jta.platform.internal.NoJtaPlatform]
2020-05-22 00:55:01.666  INFO 4264 --- [task-1] j.LocalContainerEntityManagerFactoryBean : Initialized JPA EntityManagerFactory for persistence unit 'default'
2020-05-22 00:55:03.039  INFO 4264 --- [restartedMain] o.s.b.a.w.s.WelcomePageHandlerMapping    : Adding welcome page: class path resource [static/index.html]
2020-05-22 00:55:03.429  INFO 4264 --- [restartedMain] o.s.b.d.a.OptionalLiveReloadServer       : LiveReload server is running on port 35729
2020-05-22 00:55:03.538  INFO 4264 --- [restartedMain] o.s.b.w.embedded.tomcat.TomcatWebServer  : Tomcat started on port(s): 8080 (http) with context path ''
2020-05-22 00:55:03.538  INFO 4264 --- [restartedMain] DeferredRepositoryInitializationListener : Triggering deferred initialization of Spring Data repositories…
2020-05-22 00:55:04.006  INFO 4264 --- [restartedMain] DeferredRepositoryInitializationListener : Spring Data repositories initialized!
2020-05-22 00:55:04.021  INFO 4264 --- [restartedMain] c.e.i.InventorymanagementApplication     : Started InventorymanagementApplication in 21.082 seconds (JVM running for 22.913)
