2020-05-22 00:51:45.847  INFO 656 --- [restartedMain] c.e.i.InventorymanagementApplication     : Starting InventorymanagementApplication on NIVEA-PC with PID 656 (C:\Users\NIVEA\Downloads\inventorymanagement\inventorymanagement\target\classes started by NIVEA in C:\Users\NIVEA\Downloads\inventorymanagement)
2020-05-22 00:51:45.847  INFO 656 --- [restartedMain] c.e.i.InventorymanagementApplication     : No active profile set, falling back to default profiles: default
2020-05-22 00:51:46.175  INFO 656 --- [restartedMain] .e.DevToolsPropertyDefaultsPostProcessor : Devtools property defaults active! Set 'spring.devtools.add-properties' to 'false' to disable
2020-05-22 00:51:46.175  INFO 656 --- [restartedMain] .e.DevToolsPropertyDefaultsPostProcessor : For additional web related logging consider setting the 'logging.level.web' property to 'DEBUG'
2020-05-22 00:51:50.106  INFO 656 --- [restartedMain] .s.d.r.c.RepositoryConfigurationDelegate : Bootstrapping Spring Data JPA repositories in DEFERRED mode.
2020-05-22 00:51:50.356  INFO 656 --- [restartedMain] .s.d.r.c.RepositoryConfigurationDelegate : Finished Spring Data repository scanning in 226ms. Found 6 JPA repository interfaces.
2020-05-22 00:51:53.866  INFO 656 --- [restartedMain] o.s.b.w.embedded.tomcat.TomcatWebServer  : Tomcat initialized with port(s): 8080 (http)
2020-05-22 00:51:54.147  INFO 656 --- [restartedMain] o.apache.catalina.core.StandardService   : Starting service [Tomcat]
2020-05-22 00:51:54.147  INFO 656 --- [restartedMain] org.apache.catalina.core.StandardEngine  : Starting Servlet engine: [Apache Tomcat/9.0.35]
2020-05-22 00:51:55.005  INFO 656 --- [restartedMain] o.a.c.c.C.[Tomcat].[localhost].[/]       : Initializing Spring embedded WebApplicationContext
2020-05-22 00:51:55.005  INFO 656 --- [restartedMain] o.s.web.context.ContextLoader            : Root WebApplicationContext: initialization completed in 8830 ms
2020-05-22 00:51:57.563  INFO 656 --- [restartedMain] o.s.s.concurrent.ThreadPoolTaskExecutor  : Initializing ExecutorService 'applicationTaskExecutor'
2020-05-22 00:51:58.171  INFO 656 --- [task-1] o.hibernate.jpa.internal.util.LogHelper  : HHH000204: Processing PersistenceUnitInfo [name: default]
2020-05-22 00:51:58.515  INFO 656 --- [task-1] org.hibernate.Version                    : HHH000412: Hibernate ORM core version 5.4.15.Final
2020-05-22 00:51:58.905  WARN 656 --- [restartedMain] JpaBaseConfiguration$JpaWebConfiguration : spring.jpa.open-in-view is enabled by default. Therefore, database queries may be performed during view rendering. Explicitly configure spring.jpa.open-in-view to disable this warning
2020-05-22 00:51:59.497  INFO 656 --- [task-1] o.hibernate.annotations.common.Version   : HCANN000001: Hibernate Commons Annotations {5.1.0.Final}
2020-05-22 00:51:59.965  INFO 656 --- [restartedMain] o.s.s.web.DefaultSecurityFilterChain     : Creating filter chain: any request, [org.springframework.security.web.context.request.async.WebAsyncManagerIntegrationFilter@41eeea84, org.springframework.security.web.context.SecurityContextPersistenceFilter@3280368d, org.springframework.security.web.header.HeaderWriterFilter@3502020e, org.springframework.security.web.csrf.CsrfFilter@7d0bde02, org.springframework.security.web.authentication.logout.LogoutFilter@7d5e10a3, org.springframework.security.web.authentication.UsernamePasswordAuthenticationFilter@5d5d8bf0, org.springframework.security.web.authentication.ui.DefaultLoginPageGeneratingFilter@4f900f9e, org.springframework.security.web.authentication.ui.DefaultLogoutPageGeneratingFilter@189579d3, org.springframework.security.web.savedrequest.RequestCacheAwareFilter@6b7c2c7d, org.springframework.security.web.servletapi.SecurityContextHolderAwareRequestFilter@1386dd85, org.springframework.security.web.authentication.AnonymousAuthenticationFilter@2353f2df, org.springframework.security.web.session.SessionManagementFilter@1de9aff3, org.springframework.security.web.access.ExceptionTranslationFilter@2ff82006, org.springframework.security.web.access.intercept.FilterSecurityInterceptor@655d72bd]
2020-05-22 00:52:00.387  INFO 656 --- [task-1] com.zaxxer.hikari.HikariDataSource       : HikariPool-1 - Starting...
2020-05-22 00:52:05.191  INFO 656 --- [task-1] com.zaxxer.hikari.HikariDataSource       : HikariPool-1 - Start completed.
2020-05-22 00:52:05.878  INFO 656 --- [task-1] org.hibernate.dialect.Dialect            : HHH000400: Using dialect: org.hibernate.dialect.MySQL57Dialect
2020-05-22 00:52:09.466  INFO 656 --- [task-1] o.h.e.t.j.p.i.JtaPlatformInitiator       : HHH000490: Using JtaPlatform implementation: [org.hibernate.engine.transaction.jta.platform.internal.NoJtaPlatform]
2020-05-22 00:52:09.497  INFO 656 --- [task-1] j.LocalContainerEntityManagerFactoryBean : Initialized JPA EntityManagerFactory for persistence unit 'default'
2020-05-22 00:52:10.839  INFO 656 --- [restartedMain] o.s.b.a.w.s.WelcomePageHandlerMapping    : Adding welcome page: class path resource [static/index.html]
2020-05-22 00:52:11.478  INFO 656 --- [restartedMain] o.s.b.d.a.OptionalLiveReloadServer       : LiveReload server is running on port 35729
2020-05-22 00:52:11.821  INFO 656 --- [restartedMain] o.s.b.w.embedded.tomcat.TomcatWebServer  : Tomcat started on port(s): 8080 (http) with context path ''
2020-05-22 00:52:11.821  INFO 656 --- [restartedMain] DeferredRepositoryInitializationListener : Triggering deferred initialization of Spring Data repositories…
2020-05-22 00:52:14.099  INFO 656 --- [restartedMain] DeferredRepositoryInitializationListener : Spring Data repositories initialized!
2020-05-22 00:52:14.115  INFO 656 --- [restartedMain] c.e.i.InventorymanagementApplication     : Started InventorymanagementApplication in 32.518 seconds (JVM running for 35.782)
