2020-05-22 00:58:28,596 [INFO] from com.engineersbasket.inventorymanagement.InventorymanagementApplication in restartedMain - Starting InventorymanagementApplication on NIVEA-PC with PID 3456 (C:\Users\NIVEA\Downloads\inventorymanagement\inventorymanagement\target\classes started by NIVEA in C:\Users\NIVEA\Downloads\inventorymanagement)
2020-05-22 00:58:28,596 [INFO] from com.engineersbasket.inventorymanagement.InventorymanagementApplication in restartedMain - No active profile set, falling back to default profiles: default
2020-05-22 00:58:28,768 [INFO] from org.springframework.boot.devtools.env.DevToolsPropertyDefaultsPostProcessor in restartedMain - Devtools property defaults active! Set 'spring.devtools.add-properties' to 'false' to disable
2020-05-22 00:58:28,768 [INFO] from org.springframework.boot.devtools.env.DevToolsPropertyDefaultsPostProcessor in restartedMain - For additional web related logging consider setting the 'logging.level.web' property to 'DEBUG'
2020-05-22 00:58:31,373 [INFO] from org.springframework.data.repository.config.RepositoryConfigurationDelegate in restartedMain - Bootstrapping Spring Data JPA repositories in DEFERRED mode.
2020-05-22 00:58:31,654 [INFO] from org.springframework.data.repository.config.RepositoryConfigurationDelegate in restartedMain - Finished Spring Data repository scanning in 258ms. Found 6 JPA repository interfaces.
2020-05-22 00:58:34,407 [INFO] from org.springframework.boot.web.embedded.tomcat.TomcatWebServer in restartedMain - Tomcat initialized with port(s): 8080 (http)
2020-05-22 00:58:34,500 [INFO] from org.apache.catalina.core.StandardService in restartedMain - Starting service [Tomcat]
2020-05-22 00:58:34,500 [INFO] from org.apache.catalina.core.StandardEngine in restartedMain - Starting Servlet engine: [Apache Tomcat/9.0.35]
2020-05-22 00:58:34,797 [INFO] from org.apache.catalina.core.ContainerBase.[Tomcat].[localhost].[/] in restartedMain - Initializing Spring embedded WebApplicationContext
2020-05-22 00:58:34,797 [INFO] from org.springframework.web.context.ContextLoader in restartedMain - Root WebApplicationContext: initialization completed in 6029 ms
2020-05-22 00:58:35,312 [INFO] from org.springframework.scheduling.concurrent.ThreadPoolTaskExecutor in restartedMain - Initializing ExecutorService 'applicationTaskExecutor'
2020-05-22 00:58:35,702 [INFO] from org.hibernate.jpa.internal.util.LogHelper in task-1 - HHH000204: Processing PersistenceUnitInfo [name: default]
2020-05-22 00:58:36,482 [INFO] from org.hibernate.Version in task-1 - HHH000412: Hibernate ORM core version 5.4.15.Final
2020-05-22 00:58:36,497 [WARN] from org.springframework.boot.autoconfigure.orm.jpa.JpaBaseConfiguration$JpaWebConfiguration in restartedMain - spring.jpa.open-in-view is enabled by default. Therefore, database queries may be performed during view rendering. Explicitly configure spring.jpa.open-in-view to disable this warning
2020-05-22 00:58:37,398 [INFO] from org.hibernate.annotations.common.Version in task-1 - HCANN000001: Hibernate Commons Annotations {5.1.0.Final}
2020-05-22 00:58:37,554 [INFO] from org.springframework.security.web.DefaultSecurityFilterChain in restartedMain - Creating filter chain: any request, [org.springframework.security.web.context.request.async.WebAsyncManagerIntegrationFilter@53b4e019, org.springframework.security.web.context.SecurityContextPersistenceFilter@7ff96052, org.springframework.security.web.header.HeaderWriterFilter@4ba8dcf6, org.springframework.security.web.csrf.CsrfFilter@19f45f33, org.springframework.security.web.authentication.logout.LogoutFilter@3443dd8, org.springframework.security.web.authentication.UsernamePasswordAuthenticationFilter@348ef714, org.springframework.security.web.authentication.ui.DefaultLoginPageGeneratingFilter@9f173b8, org.springframework.security.web.authentication.ui.DefaultLogoutPageGeneratingFilter@52680c59, org.springframework.security.web.savedrequest.RequestCacheAwareFilter@28667c6, org.springframework.security.web.servletapi.SecurityContextHolderAwareRequestFilter@5ee66bb1, org.springframework.security.web.authentication.AnonymousAuthenticationFilter@70030f16, org.springframework.security.web.session.SessionManagementFilter@1ff149c3, org.springframework.security.web.access.ExceptionTranslationFilter@26dc878, org.springframework.security.web.access.intercept.FilterSecurityInterceptor@10ca965e]
2020-05-22 00:58:37,786 [INFO] from com.zaxxer.hikari.HikariDataSource in task-1 - HikariPool-1 - Starting...
2020-05-22 00:58:39,565 [INFO] from com.zaxxer.hikari.HikariDataSource in task-1 - HikariPool-1 - Start completed.
2020-05-22 00:58:39,652 [INFO] from org.hibernate.dialect.Dialect in task-1 - HHH000400: Using dialect: org.hibernate.dialect.MySQL57Dialect
2020-05-22 00:58:43,674 [INFO] from org.hibernate.engine.transaction.jta.platform.internal.JtaPlatformInitiator in task-1 - HHH000490: Using JtaPlatform implementation: [org.hibernate.engine.transaction.jta.platform.internal.NoJtaPlatform]
2020-05-22 00:58:43,706 [INFO] from org.springframework.orm.jpa.LocalContainerEntityManagerFactoryBean in task-1 - Initialized JPA EntityManagerFactory for persistence unit 'default'
2020-05-22 00:58:45,942 [INFO] from org.springframework.boot.autoconfigure.web.servlet.WelcomePageHandlerMapping in restartedMain - Adding welcome page: class path resource [static/index.html]
2020-05-22 00:58:46,145 [INFO] from org.springframework.boot.devtools.autoconfigure.OptionalLiveReloadServer in task-2 - LiveReload server is running on port 35729
2020-05-22 00:58:46,394 [INFO] from org.springframework.boot.web.embedded.tomcat.TomcatWebServer in restartedMain - Tomcat started on port(s): 8080 (http) with context path ''
2020-05-22 00:58:46,394 [INFO] from org.springframework.data.repository.config.DeferredRepositoryInitializationListener in restartedMain - Triggering deferred initialization of Spring Data repositories…
2020-05-22 00:58:46,862 [INFO] from org.springframework.data.repository.config.DeferredRepositoryInitializationListener in restartedMain - Spring Data repositories initialized!
2020-05-22 00:58:46,878 [INFO] from com.engineersbasket.inventorymanagement.InventorymanagementApplication in restartedMain - Started InventorymanagementApplication in 20.688 seconds (JVM running for 22.875)
